<?xml version="1.0" encoding="UTF-8" ?>
<testsuite tests="8" failures="0" name="cz.deriva.commons.MathUtilsTest" time="0.018" errors="0" skipped="0">
  <properties>
[...]
</properties>
  <testcase classname="RandomInteger" name="Test range 10-11" time="0.011"/>
  <testcase classname="RandomInteger" name="Test same range 10-10" time="0.002"/>
  <testcase classname="RandomInteger" name="Test illegal values" time="0.001"/>
  <testcase classname="Round" name="test1()" time="0.003"/>
  <testcase classname="Round" name="test2()" time="0"/>
  <testcase classname="Round" name="test3()" time="0"/>
  <testcase classname="Round" name="test4()" time="0.001"/>
  <testcase classname="Round" name="test5()" time="0"/>
</testsuite>